mode: set
github.com/devfile/registry-support/index/server/pkg/util/filter.go:11.112,12.34 1 1
github.com/devfile/registry-support/index/server/pkg/util/filter.go:81.2,81.14 1 1
github.com/devfile/registry-support/index/server/pkg/util/filter.go:12.34,13.39 1 1
github.com/devfile/registry-support/index/server/pkg/util/filter.go:18.3,20.39 2 1
github.com/devfile/registry-support/index/server/pkg/util/filter.go:36.3,36.16 1 1
github.com/devfile/registry-support/index/server/pkg/util/filter.go:46.3,46.15 1 1
github.com/devfile/registry-support/index/server/pkg/util/filter.go:13.39,15.12 1 1
github.com/devfile/registry-support/index/server/pkg/util/filter.go:20.39,22.55 2 1
github.com/devfile/registry-support/index/server/pkg/util/filter.go:29.4,29.22 1 1
github.com/devfile/registry-support/index/server/pkg/util/filter.go:22.55,23.37 1 1
github.com/devfile/registry-support/index/server/pkg/util/filter.go:23.37,25.11 2 1
github.com/devfile/registry-support/index/server/pkg/util/filter.go:29.22,32.10 2 1
github.com/devfile/registry-support/index/server/pkg/util/filter.go:36.16,42.12 3 1
github.com/devfile/registry-support/index/server/pkg/util/filter.go:46.15,47.81 1 1
github.com/devfile/registry-support/index/server/pkg/util/filter.go:47.81,49.31 2 1
github.com/devfile/registry-support/index/server/pkg/util/filter.go:53.5,54.41 2 1
github.com/devfile/registry-support/index/server/pkg/util/filter.go:69.5,69.23 1 1
github.com/devfile/registry-support/index/server/pkg/util/filter.go:49.31,51.14 1 0
github.com/devfile/registry-support/index/server/pkg/util/filter.go:54.41,56.47 2 1
github.com/devfile/registry-support/index/server/pkg/util/filter.go:62.6,62.31 1 1
github.com/devfile/registry-support/index/server/pkg/util/filter.go:56.47,57.39 1 1
github.com/devfile/registry-support/index/server/pkg/util/filter.go:57.39,59.13 2 1
github.com/devfile/registry-support/index/server/pkg/util/filter.go:62.31,65.12 2 1
github.com/devfile/registry-support/index/server/pkg/util/filter.go:69.23,75.6 2 1
github.com/devfile/registry-support/index/server/pkg/util/filter.go:85.141,86.34 1 1
github.com/devfile/registry-support/index/server/pkg/util/filter.go:131.2,131.19 1 1
github.com/devfile/registry-support/index/server/pkg/util/filter.go:86.34,87.80 1 1
github.com/devfile/registry-support/index/server/pkg/util/filter.go:122.3,122.34 1 1
github.com/devfile/registry-support/index/server/pkg/util/filter.go:87.80,91.18 4 1
github.com/devfile/registry-support/index/server/pkg/util/filter.go:95.4,96.30 2 1
github.com/devfile/registry-support/index/server/pkg/util/filter.go:105.4,105.48 1 1
github.com/devfile/registry-support/index/server/pkg/util/filter.go:114.4,114.23 1 1
github.com/devfile/registry-support/index/server/pkg/util/filter.go:91.18,93.5 1 0
github.com/devfile/registry-support/index/server/pkg/util/filter.go:96.30,98.19 2 1
github.com/devfile/registry-support/index/server/pkg/util/filter.go:101.5,101.43 1 1
github.com/devfile/registry-support/index/server/pkg/util/filter.go:98.19,100.6 1 0
github.com/devfile/registry-support/index/server/pkg/util/filter.go:101.43,103.6 1 1
github.com/devfile/registry-support/index/server/pkg/util/filter.go:105.48,107.19 2 1
github.com/devfile/registry-support/index/server/pkg/util/filter.go:110.5,110.40 1 1
github.com/devfile/registry-support/index/server/pkg/util/filter.go:107.19,109.6 1 0
github.com/devfile/registry-support/index/server/pkg/util/filter.go:110.40,112.6 1 1
github.com/devfile/registry-support/index/server/pkg/util/filter.go:114.23,120.5 2 1
github.com/devfile/registry-support/index/server/pkg/util/filter.go:122.34,128.4 2 1
github.com/devfile/registry-support/index/server/pkg/util/telemetry.go:20.48,26.16 4 0
github.com/devfile/registry-support/index/server/pkg/util/telemetry.go:29.2,29.12 1 0
github.com/devfile/registry-support/index/server/pkg/util/telemetry.go:26.16,28.3 1 0
github.com/devfile/registry-support/index/server/pkg/util/telemetry.go:33.37,35.40 2 1
github.com/devfile/registry-support/index/server/pkg/util/telemetry.go:38.2,38.13 1 1
github.com/devfile/registry-support/index/server/pkg/util/telemetry.go:35.40,37.3 1 1
github.com/devfile/registry-support/index/server/pkg/util/telemetry.go:41.39,45.23 3 1
github.com/devfile/registry-support/index/server/pkg/util/telemetry.go:49.2,49.15 1 1
github.com/devfile/registry-support/index/server/pkg/util/telemetry.go:45.23,47.3 1 1
github.com/devfile/registry-support/index/server/pkg/util/telemetry.go:53.52,60.2 4 1
github.com/devfile/registry-support/index/server/pkg/util/telemetry.go:64.39,68.25 3 1
github.com/devfile/registry-support/index/server/pkg/util/telemetry.go:76.2,77.16 2 1
github.com/devfile/registry-support/index/server/pkg/util/telemetry.go:82.2,82.19 1 1
github.com/devfile/registry-support/index/server/pkg/util/telemetry.go:68.25,70.26 2 1
github.com/devfile/registry-support/index/server/pkg/util/telemetry.go:70.26,73.4 2 1
github.com/devfile/registry-support/index/server/pkg/util/telemetry.go:77.16,80.3 2 1
github.com/devfile/registry-support/index/server/pkg/util/telemetry.go:82.19,87.30 2 1
github.com/devfile/registry-support/index/server/pkg/util/telemetry.go:92.3,92.25 1 1
github.com/devfile/registry-support/index/server/pkg/util/telemetry.go:87.30,90.4 2 1
github.com/devfile/registry-support/index/server/pkg/util/telemetry.go:93.8,96.3 2 0
github.com/devfile/registry-support/index/server/pkg/util/telemetry.go:101.39,104.47 3 1
github.com/devfile/registry-support/index/server/pkg/util/telemetry.go:108.2,108.14 1 1
github.com/devfile/registry-support/index/server/pkg/util/telemetry.go:104.47,106.3 1 1
github.com/devfile/registry-support/index/server/pkg/util/util.go:21.50,22.38 1 1
github.com/devfile/registry-support/index/server/pkg/util/util.go:27.2,27.14 1 1
github.com/devfile/registry-support/index/server/pkg/util/util.go:22.38,23.44 1 1
github.com/devfile/registry-support/index/server/pkg/util/util.go:23.44,25.4 1 1
github.com/devfile/registry-support/index/server/pkg/util/util.go:31.88,34.16 2 1
github.com/devfile/registry-support/index/server/pkg/util/util.go:37.2,39.16 3 1
github.com/devfile/registry-support/index/server/pkg/util/util.go:44.2,44.35 1 1
github.com/devfile/registry-support/index/server/pkg/util/util.go:53.2,54.16 2 1
github.com/devfile/registry-support/index/server/pkg/util/util.go:57.2,58.16 2 1
github.com/devfile/registry-support/index/server/pkg/util/util.go:61.2,61.19 1 1
github.com/devfile/registry-support/index/server/pkg/util/util.go:34.16,36.3 1 0
github.com/devfile/registry-support/index/server/pkg/util/util.go:39.16,41.3 1 0
github.com/devfile/registry-support/index/server/pkg/util/util.go:44.35,45.28 1 1
github.com/devfile/registry-support/index/server/pkg/util/util.go:45.28,48.18 3 1
github.com/devfile/registry-support/index/server/pkg/util/util.go:48.18,50.5 1 0
github.com/devfile/registry-support/index/server/pkg/util/util.go:54.16,56.3 1 0
github.com/devfile/registry-support/index/server/pkg/util/util.go:58.16,60.3 1 0
github.com/devfile/registry-support/index/server/pkg/util/util.go:65.49,67.16 2 1
github.com/devfile/registry-support/index/server/pkg/util/util.go:72.2,73.51 2 1
github.com/devfile/registry-support/index/server/pkg/util/util.go:92.2,94.18 3 1
github.com/devfile/registry-support/index/server/pkg/util/util.go:102.2,103.28 2 1
github.com/devfile/registry-support/index/server/pkg/util/util.go:67.16,69.3 1 0
github.com/devfile/registry-support/index/server/pkg/util/util.go:73.51,75.17 2 1
github.com/devfile/registry-support/index/server/pkg/util/util.go:78.3,81.17 3 1
github.com/devfile/registry-support/index/server/pkg/util/util.go:75.17,77.4 1 1
github.com/devfile/registry-support/index/server/pkg/util/util.go:81.17,83.4 1 0
github.com/devfile/registry-support/index/server/pkg/util/util.go:84.8,86.17 2 1
github.com/devfile/registry-support/index/server/pkg/util/util.go:86.17,88.4 1 1
github.com/devfile/registry-support/index/server/pkg/util/util.go:95.20,96.46 1 0
github.com/devfile/registry-support/index/server/pkg/util/util.go:97.19,98.45 1 1
github.com/devfile/registry-support/index/server/pkg/util/util.go:99.10,100.49 1 0
github.com/devfile/registry-support/index/server/pkg/util/util.go:107.68,110.16 2 0
github.com/devfile/registry-support/index/server/pkg/util/util.go:113.2,115.16 3 0
github.com/devfile/registry-support/index/server/pkg/util/util.go:119.2,119.19 1 0
github.com/devfile/registry-support/index/server/pkg/util/util.go:110.16,112.3 1 0
github.com/devfile/registry-support/index/server/pkg/util/util.go:115.16,117.3 1 0
github.com/devfile/registry-support/index/server/pkg/util/util.go:123.71,124.50 1 1
github.com/devfile/registry-support/index/server/pkg/util/util.go:144.2,144.21 1 1
github.com/devfile/registry-support/index/server/pkg/util/util.go:124.50,125.30 1 1
github.com/devfile/registry-support/index/server/pkg/util/util.go:126.13,128.18 2 1
github.com/devfile/registry-support/index/server/pkg/util/util.go:131.4,131.20 1 1
github.com/devfile/registry-support/index/server/pkg/util/util.go:133.12,135.18 2 0
github.com/devfile/registry-support/index/server/pkg/util/util.go:138.4,138.19 1 0
github.com/devfile/registry-support/index/server/pkg/util/util.go:140.11,141.16 1 1
github.com/devfile/registry-support/index/server/pkg/util/util.go:128.18,130.5 1 0
github.com/devfile/registry-support/index/server/pkg/util/util.go:135.18,137.5 1 0
github.com/devfile/registry-support/index/server/pkg/util/util.go:147.84,149.36 2 1
github.com/devfile/registry-support/index/server/pkg/util/util.go:178.2,178.22 1 1
github.com/devfile/registry-support/index/server/pkg/util/util.go:149.36,152.108 3 1
github.com/devfile/registry-support/index/server/pkg/util/util.go:156.3,156.52 1 1
github.com/devfile/registry-support/index/server/pkg/util/util.go:152.108,154.12 2 1
github.com/devfile/registry-support/index/server/pkg/util/util.go:156.52,157.33 1 1
github.com/devfile/registry-support/index/server/pkg/util/util.go:160.4,160.70 1 1
github.com/devfile/registry-support/index/server/pkg/util/util.go:163.4,163.88 1 1
github.com/devfile/registry-support/index/server/pkg/util/util.go:166.4,166.52 1 1
github.com/devfile/registry-support/index/server/pkg/util/util.go:174.4,175.9 2 1
github.com/devfile/registry-support/index/server/pkg/util/util.go:157.33,158.13 1 0
github.com/devfile/registry-support/index/server/pkg/util/util.go:160.70,162.5 1 1
github.com/devfile/registry-support/index/server/pkg/util/util.go:163.88,165.5 1 1
github.com/devfile/registry-support/index/server/pkg/util/util.go:166.52,168.5 1 1
github.com/devfile/registry-support/index/server/pkg/util/util.go:168.10,173.5 4 1
github.com/devfile/registry-support/index/server/pkg/util/util.go:181.32,182.27 1 0
github.com/devfile/registry-support/index/server/pkg/util/util.go:185.2,185.14 1 0
github.com/devfile/registry-support/index/server/pkg/util/util.go:182.27,184.3 1 0
github.com/devfile/registry-support/index/server/pkg/util/util.go:189.94,192.55 3 1
github.com/devfile/registry-support/index/server/pkg/util/util.go:213.2,214.24 2 1
github.com/devfile/registry-support/index/server/pkg/util/util.go:192.55,194.29 2 1
github.com/devfile/registry-support/index/server/pkg/util/util.go:197.3,197.26 1 1
github.com/devfile/registry-support/index/server/pkg/util/util.go:194.29,196.4 1 1
github.com/devfile/registry-support/index/server/pkg/util/util.go:197.26,199.18 2 1
github.com/devfile/registry-support/index/server/pkg/util/util.go:202.4,203.18 2 1
github.com/devfile/registry-support/index/server/pkg/util/util.go:206.4,206.35 1 1
github.com/devfile/registry-support/index/server/pkg/util/util.go:199.18,201.5 1 1
github.com/devfile/registry-support/index/server/pkg/util/util.go:203.18,205.5 1 0
github.com/devfile/registry-support/index/server/pkg/util/util.go:206.35,208.5 1 1
github.com/devfile/registry-support/index/server/pkg/util/util.go:209.9,211.4 1 1
github.com/devfile/registry-support/index/server/pkg/server/endpoint.go:29.40,32.40 2 0
github.com/devfile/registry-support/index/server/pkg/server/endpoint.go:32.40,34.3 1 0
github.com/devfile/registry-support/index/server/pkg/server/endpoint.go:34.8,36.3 1 0
github.com/devfile/registry-support/index/server/pkg/server/endpoint.go:39.42,41.2 1 1
github.com/devfile/registry-support/index/server/pkg/server/endpoint.go:43.42,45.2 1 1
github.com/devfile/registry-support/index/server/pkg/server/endpoint.go:48.58,51.71 2 1
github.com/devfile/registry-support/index/server/pkg/server/endpoint.go:54.2,54.15 1 1
github.com/devfile/registry-support/index/server/pkg/server/endpoint.go:59.2,62.39 2 1
github.com/devfile/registry-support/index/server/pkg/server/endpoint.go:51.71,53.3 1 1
github.com/devfile/registry-support/index/server/pkg/server/endpoint.go:54.15,56.3 1 1
github.com/devfile/registry-support/index/server/pkg/server/endpoint.go:65.50,69.2 1 1
github.com/devfile/registry-support/index/server/pkg/server/endpoint.go:71.50,75.2 1 1
github.com/devfile/registry-support/index/server/pkg/server/endpoint.go:78.39,82.2 1 1
github.com/devfile/registry-support/index/server/pkg/server/endpoint.go:84.46,89.21 4 1
github.com/devfile/registry-support/index/server/pkg/server/endpoint.go:89.21,91.46 1 1
github.com/devfile/registry-support/index/server/pkg/server/endpoint.go:110.3,110.62 1 1
github.com/devfile/registry-support/index/server/pkg/server/endpoint.go:91.46,106.18 4 0
github.com/devfile/registry-support/index/server/pkg/server/endpoint.go:106.18,108.5 1 0
github.com/devfile/registry-support/index/server/pkg/server/endpoint.go:115.35,119.2 2 1
github.com/devfile/registry-support/index/server/pkg/server/endpoint.go:122.49,125.2 2 1
github.com/devfile/registry-support/index/server/pkg/server/endpoint.go:128.60,136.36 7 1
github.com/devfile/registry-support/index/server/pkg/server/endpoint.go:150.2,150.28 1 1
github.com/devfile/registry-support/index/server/pkg/server/endpoint.go:136.36,138.17 2 1
github.com/devfile/registry-support/index/server/pkg/server/endpoint.go:147.3,147.62 1 1
github.com/devfile/registry-support/index/server/pkg/server/endpoint.go:138.17,145.4 3 0
github.com/devfile/registry-support/index/server/pkg/server/endpoint.go:150.28,153.3 1 1
github.com/devfile/registry-support/index/server/pkg/server/endpoint.go:153.8,161.17 5 1
github.com/devfile/registry-support/index/server/pkg/server/endpoint.go:170.3,171.17 2 1
github.com/devfile/registry-support/index/server/pkg/server/endpoint.go:185.3,185.70 1 1
github.com/devfile/registry-support/index/server/pkg/server/endpoint.go:291.3,292.70 2 1
github.com/devfile/registry-support/index/server/pkg/server/endpoint.go:161.17,168.4 3 0
github.com/devfile/registry-support/index/server/pkg/server/endpoint.go:171.17,178.4 3 0
github.com/devfile/registry-support/index/server/pkg/server/endpoint.go:178.9,178.39 1 1
github.com/devfile/registry-support/index/server/pkg/server/endpoint.go:178.39,183.4 2 1
github.com/devfile/registry-support/index/server/pkg/server/endpoint.go:185.70,192.46 2 1
github.com/devfile/registry-support/index/server/pkg/server/endpoint.go:199.4,201.104 2 1
github.com/devfile/registry-support/index/server/pkg/server/endpoint.go:192.46,193.53 1 1
github.com/devfile/registry-support/index/server/pkg/server/endpoint.go:196.5,196.66 1 1
github.com/devfile/registry-support/index/server/pkg/server/endpoint.go:193.53,195.6 1 1
github.com/devfile/registry-support/index/server/pkg/server/endpoint.go:201.104,209.5 3 0
github.com/devfile/registry-support/index/server/pkg/server/endpoint.go:210.9,210.39 1 1
github.com/devfile/registry-support/index/server/pkg/server/endpoint.go:210.39,211.77 1 1
github.com/devfile/registry-support/index/server/pkg/server/endpoint.go:211.77,217.36 3 0
github.com/devfile/registry-support/index/server/pkg/server/endpoint.go:263.5,264.19 2 0
github.com/devfile/registry-support/index/server/pkg/server/endpoint.go:217.36,220.59 2 0
github.com/devfile/registry-support/index/server/pkg/server/endpoint.go:234.6,235.20 2 0
github.com/devfile/registry-support/index/server/pkg/server/endpoint.go:247.6,248.20 2 0
github.com/devfile/registry-support/index/server/pkg/server/endpoint.go:260.6,260.33 1 0
github.com/devfile/registry-support/index/server/pkg/server/endpoint.go:220.59,222.21 2 0
github.com/devfile/registry-support/index/server/pkg/server/endpoint.go:222.21,231.8 3 0
github.com/devfile/registry-support/index/server/pkg/server/endpoint.go:235.20,245.7 3 0
github.com/devfile/registry-support/index/server/pkg/server/endpoint.go:248.20,258.7 3 0
github.com/devfile/registry-support/index/server/pkg/server/endpoint.go:264.19,272.6 3 0
github.com/devfile/registry-support/index/server/pkg/server/endpoint.go:273.10,275.19 2 1
github.com/devfile/registry-support/index/server/pkg/server/endpoint.go:275.19,282.6 3 0
github.com/devfile/registry-support/index/server/pkg/server/endpoint.go:284.9,289.4 2 0
github.com/devfile/registry-support/index/server/pkg/server/endpoint.go:296.30,298.16 2 0
github.com/devfile/registry-support/index/server/pkg/server/endpoint.go:302.2,306.43 2 0
github.com/devfile/registry-support/index/server/pkg/server/endpoint.go:314.2,314.38 1 0
github.com/devfile/registry-support/index/server/pkg/server/endpoint.go:298.16,299.13 1 0
github.com/devfile/registry-support/index/server/pkg/server/endpoint.go:306.43,312.3 5 0
github.com/devfile/registry-support/index/server/pkg/server/endpoint.go:318.62,331.19 7 1
github.com/devfile/registry-support/index/server/pkg/server/endpoint.go:349.2,349.20 1 1
github.com/devfile/registry-support/index/server/pkg/server/endpoint.go:369.2,370.16 2 1
github.com/devfile/registry-support/index/server/pkg/server/endpoint.go:376.2,376.17 1 1
github.com/devfile/registry-support/index/server/pkg/server/endpoint.go:413.2,413.20 1 1
github.com/devfile/registry-support/index/server/pkg/server/endpoint.go:416.2,417.16 2 1
github.com/devfile/registry-support/index/server/pkg/server/endpoint.go:423.2,426.45 2 1
github.com/devfile/registry-support/index/server/pkg/server/endpoint.go:332.44,334.49 2 1
github.com/devfile/registry-support/index/server/pkg/server/endpoint.go:335.45,337.50 2 1
github.com/devfile/registry-support/index/server/pkg/server/endpoint.go:338.13,340.44 2 1
github.com/devfile/registry-support/index/server/pkg/server/endpoint.go:341.10,345.9 2 1
github.com/devfile/registry-support/index/server/pkg/server/endpoint.go:349.20,350.31 1 0
github.com/devfile/registry-support/index/server/pkg/server/endpoint.go:350.31,351.70 1 0
github.com/devfile/registry-support/index/server/pkg/server/endpoint.go:361.4,361.47 1 0
github.com/devfile/registry-support/index/server/pkg/server/endpoint.go:351.70,353.19 2 0
github.com/devfile/registry-support/index/server/pkg/server/endpoint.go:353.19,358.6 2 0
github.com/devfile/registry-support/index/server/pkg/server/endpoint.go:362.9,367.4 2 0
github.com/devfile/registry-support/index/server/pkg/server/endpoint.go:370.16,375.3 2 0
github.com/devfile/registry-support/index/server/pkg/server/endpoint.go:376.17,378.3 1 1
github.com/devfile/registry-support/index/server/pkg/server/endpoint.go:378.8,381.55 3 1
github.com/devfile/registry-support/index/server/pkg/server/endpoint.go:381.55,384.30 1 0
github.com/devfile/registry-support/index/server/pkg/server/endpoint.go:393.4,393.30 1 0
github.com/devfile/registry-support/index/server/pkg/server/endpoint.go:403.4,404.18 2 0
github.com/devfile/registry-support/index/server/pkg/server/endpoint.go:384.30,386.31 2 0
github.com/devfile/registry-support/index/server/pkg/server/endpoint.go:386.31,391.6 2 0
github.com/devfile/registry-support/index/server/pkg/server/endpoint.go:393.30,395.31 2 0
github.com/devfile/registry-support/index/server/pkg/server/endpoint.go:395.31,400.6 2 0
github.com/devfile/registry-support/index/server/pkg/server/endpoint.go:404.18,409.5 2 0
github.com/devfile/registry-support/index/server/pkg/server/endpoint.go:413.20,415.3 1 0
github.com/devfile/registry-support/index/server/pkg/server/endpoint.go:417.16,422.3 2 0
github.com/devfile/registry-support/index/server/pkg/server/endpoint.go:426.45,438.17 4 0
github.com/devfile/registry-support/index/server/pkg/server/endpoint.go:438.17,440.4 1 0
github.com/devfile/registry-support/index/server/pkg/server/endpoint.go:447.93,450.16 3 1
github.com/devfile/registry-support/index/server/pkg/server/endpoint.go:458.2,459.16 2 1
github.com/devfile/registry-support/index/server/pkg/server/endpoint.go:469.2,469.25 1 1
github.com/devfile/registry-support/index/server/pkg/server/endpoint.go:502.2,502.37 1 1
github.com/devfile/registry-support/index/server/pkg/server/endpoint.go:560.2,563.39 2 1
github.com/devfile/registry-support/index/server/pkg/server/endpoint.go:450.16,457.3 3 0
github.com/devfile/registry-support/index/server/pkg/server/endpoint.go:459.16,466.3 3 0
github.com/devfile/registry-support/index/server/pkg/server/endpoint.go:469.25,474.29 3 1
github.com/devfile/registry-support/index/server/pkg/server/endpoint.go:483.3,483.29 1 1
github.com/devfile/registry-support/index/server/pkg/server/endpoint.go:493.3,494.17 2 1
github.com/devfile/registry-support/index/server/pkg/server/endpoint.go:474.29,476.30 2 0
github.com/devfile/registry-support/index/server/pkg/server/endpoint.go:476.30,481.5 2 0
github.com/devfile/registry-support/index/server/pkg/server/endpoint.go:483.29,485.30 2 0
github.com/devfile/registry-support/index/server/pkg/server/endpoint.go:485.30,490.5 2 0
github.com/devfile/registry-support/index/server/pkg/server/endpoint.go:494.17,499.4 2 0
github.com/devfile/registry-support/index/server/pkg/server/endpoint.go:502.37,503.32 1 1
github.com/devfile/registry-support/index/server/pkg/server/endpoint.go:503.32,506.71 3 1
github.com/devfile/registry-support/index/server/pkg/server/endpoint.go:542.4,542.31 1 1
github.com/devfile/registry-support/index/server/pkg/server/endpoint.go:556.4,556.30 1 1
github.com/devfile/registry-support/index/server/pkg/server/endpoint.go:506.71,507.59 1 0
github.com/devfile/registry-support/index/server/pkg/server/endpoint.go:507.59,509.6 1 0
github.com/devfile/registry-support/index/server/pkg/server/endpoint.go:510.10,512.19 2 1
github.com/devfile/registry-support/index/server/pkg/server/endpoint.go:520.5,520.52 1 1
github.com/devfile/registry-support/index/server/pkg/server/endpoint.go:512.19,519.6 3 0
github.com/devfile/registry-support/index/server/pkg/server/endpoint.go:520.52,521.59 1 1
github.com/devfile/registry-support/index/server/pkg/server/endpoint.go:521.59,523.21 2 1
github.com/devfile/registry-support/index/server/pkg/server/endpoint.go:523.21,530.8 3 0
github.com/devfile/registry-support/index/server/pkg/server/endpoint.go:531.12,534.7 1 0
github.com/devfile/registry-support/index/server/pkg/server/endpoint.go:535.11,540.6 2 1
github.com/devfile/registry-support/index/server/pkg/server/endpoint.go:542.31,543.56 1 0
github.com/devfile/registry-support/index/server/pkg/server/endpoint.go:546.5,546.19 1 0
github.com/devfile/registry-support/index/server/pkg/server/endpoint.go:543.56,545.6 1 0
github.com/devfile/registry-support/index/server/pkg/server/endpoint.go:546.19,553.6 3 0
github.com/devfile/registry-support/index/server/pkg/server/index.go:52.22,60.83 4 0
github.com/devfile/registry-support/index/server/pkg/server/index.go:75.2,75.16 1 0
github.com/devfile/registry-support/index/server/pkg/server/index.go:80.2,81.16 2 0
github.com/devfile/registry-support/index/server/pkg/server/index.go:84.2,86.16 3 0
github.com/devfile/registry-support/index/server/pkg/server/index.go:92.2,94.37 3 0
github.com/devfile/registry-support/index/server/pkg/server/index.go:112.2,113.16 2 0
github.com/devfile/registry-support/index/server/pkg/server/index.go:116.2,117.16 2 0
github.com/devfile/registry-support/index/server/pkg/server/index.go:122.2,122.21 1 0
github.com/devfile/registry-support/index/server/pkg/server/index.go:130.2,161.21 19 0
github.com/devfile/registry-support/index/server/pkg/server/index.go:60.83,62.17 2 0
github.com/devfile/registry-support/index/server/pkg/server/index.go:67.3,67.39 1 0
github.com/devfile/registry-support/index/server/pkg/server/index.go:72.3,73.20 2 0
github.com/devfile/registry-support/index/server/pkg/server/index.go:62.17,65.4 2 0
github.com/devfile/registry-support/index/server/pkg/server/index.go:67.39,70.4 2 0
github.com/devfile/registry-support/index/server/pkg/server/index.go:75.16,77.3 1 0
github.com/devfile/registry-support/index/server/pkg/server/index.go:81.16,83.3 1 0
github.com/devfile/registry-support/index/server/pkg/server/index.go:86.16,88.3 1 0
github.com/devfile/registry-support/index/server/pkg/server/index.go:94.37,95.57 1 0
github.com/devfile/registry-support/index/server/pkg/server/index.go:101.3,101.70 1 0
github.com/devfile/registry-support/index/server/pkg/server/index.go:95.57,97.4 1 0
github.com/devfile/registry-support/index/server/pkg/server/index.go:97.9,97.63 1 0
github.com/devfile/registry-support/index/server/pkg/server/index.go:97.63,99.4 1 0
github.com/devfile/registry-support/index/server/pkg/server/index.go:101.70,102.59 1 0
github.com/devfile/registry-support/index/server/pkg/server/index.go:102.59,103.45 1 0
github.com/devfile/registry-support/index/server/pkg/server/index.go:103.45,105.20 2 0
github.com/devfile/registry-support/index/server/pkg/server/index.go:105.20,107.7 1 0
github.com/devfile/registry-support/index/server/pkg/server/index.go:113.16,115.3 1 0
github.com/devfile/registry-support/index/server/pkg/server/index.go:117.16,119.3 1 0
github.com/devfile/registry-support/index/server/pkg/server/index.go:122.21,125.3 2 0
github.com/devfile/registry-support/index/server/pkg/server/index.go:125.8,127.3 1 0
github.com/devfile/registry-support/index/server/pkg/server/index.go:165.37,167.16 2 1
github.com/devfile/registry-support/index/server/pkg/server/index.go:171.2,175.59 2 1
github.com/devfile/registry-support/index/server/pkg/server/index.go:208.2,208.43 1 1
github.com/devfile/registry-support/index/server/pkg/server/index.go:215.2,215.38 1 1
github.com/devfile/registry-support/index/server/pkg/server/index.go:167.16,168.13 1 0
github.com/devfile/registry-support/index/server/pkg/server/index.go:175.59,177.22 2 0
github.com/devfile/registry-support/index/server/pkg/server/index.go:177.22,182.23 4 0
github.com/devfile/registry-support/index/server/pkg/server/index.go:188.4,188.51 1 0
github.com/devfile/registry-support/index/server/pkg/server/index.go:182.23,185.5 2 0
github.com/devfile/registry-support/index/server/pkg/server/index.go:188.51,201.19 4 0
github.com/devfile/registry-support/index/server/pkg/server/index.go:201.19,203.6 1 0
github.com/devfile/registry-support/index/server/pkg/server/index.go:208.43,213.3 4 1
github.com/devfile/registry-support/index/server/pkg/server/registry.go:23.88,27.54 3 0
github.com/devfile/registry-support/index/server/pkg/server/registry.go:67.2,73.16 6 0
github.com/devfile/registry-support/index/server/pkg/server/registry.go:76.2,77.12 2 0
github.com/devfile/registry-support/index/server/pkg/server/registry.go:27.54,28.77 1 0
github.com/devfile/registry-support/index/server/pkg/server/registry.go:36.3,38.19 3 0
github.com/devfile/registry-support/index/server/pkg/server/registry.go:52.3,54.58 2 0
github.com/devfile/registry-support/index/server/pkg/server/registry.go:57.3,58.17 2 0
github.com/devfile/registry-support/index/server/pkg/server/registry.go:62.3,63.44 2 0
github.com/devfile/registry-support/index/server/pkg/server/registry.go:28.77,30.12 1 0
github.com/devfile/registry-support/index/server/pkg/server/registry.go:39.78,41.61 1 0
github.com/devfile/registry-support/index/server/pkg/server/registry.go:44.11,47.66 2 0
github.com/devfile/registry-support/index/server/pkg/server/registry.go:41.61,43.5 1 0
github.com/devfile/registry-support/index/server/pkg/server/registry.go:47.66,49.5 1 0
github.com/devfile/registry-support/index/server/pkg/server/registry.go:54.58,56.4 1 0
github.com/devfile/registry-support/index/server/pkg/server/registry.go:58.17,60.4 1 0
github.com/devfile/registry-support/index/server/pkg/server/registry.go:73.16,75.3 1 0
github.com/devfile/registry-support/index/server/pkg/server/registry.go:81.82,93.54 7 1
github.com/devfile/registry-support/index/server/pkg/server/registry.go:103.2,105.16 3 1
github.com/devfile/registry-support/index/server/pkg/server/registry.go:108.2,109.9 2 1
github.com/devfile/registry-support/index/server/pkg/server/registry.go:113.2,114.19 2 1
github.com/devfile/registry-support/index/server/pkg/server/registry.go:93.54,94.30 1 1
github.com/devfile/registry-support/index/server/pkg/server/registry.go:98.3,98.36 1 0
github.com/devfile/registry-support/index/server/pkg/server/registry.go:94.30,96.9 2 1
github.com/devfile/registry-support/index/server/pkg/server/registry.go:98.36,100.9 2 0
github.com/devfile/registry-support/index/server/pkg/server/registry.go:105.16,107.3 1 0
github.com/devfile/registry-support/index/server/pkg/server/registry.go:109.9,111.3 1 0
